<?xml version="1.0" encoding="UTF-8"?>
<!-- Generated by org.testng.reporters.JUnitReportReporter -->
<testsuite hostname="TYSS-Mamatha" failures="0" tests="4" name="pim.ST_PIM_2" time="29.265" errors="0" timestamp="2023-08-17T12:26:48 IST" skipped="0">
  <testcase classname="pim.ST_PIM_2" name="Creating_an_employee_with_valid_details" time="7.427"/>
  <system-out/>
  <testcase classname="pim.ST_PIM_2" name="Creating_an_employee_with_valid_details" time="9.062"/>
  <system-out/>
  <testcase classname="pim.ST_PIM_2" name="Creating_an_employee_with_valid_details" time="6.273"/>
  <system-out/>
  <testcase classname="pim.ST_PIM_2" name="Creating_an_employee_with_valid_details" time="6.503"/>
  <system-out/>
</testsuite> <!-- pim.ST_PIM_2 -->
