<?xml version="1.0" encoding="UTF-8"?>
<!-- Generated by org.testng.reporters.JUnitReportReporter -->
<testsuite hostname="TYSS-Mamatha" failures="0" tests="1" name="pim.ST_PIM_2_Test" time="0.000" errors="0" timestamp="2023-08-21T11:01:15 IST" skipped="1">
  <testcase classname="pim.ST_PIM_2_Test" name="Creating_an_employee_with_valid_details" time="0.000">
    <skipped/>
  </testcase> <!-- Creating_an_employee_with_valid_details -->
  <system-out/>
</testsuite> <!-- pim.ST_PIM_2_Test -->
