<?xml version="1.0" encoding="UTF-8"?>
<!-- Generated by org.testng.reporters.JUnitReportReporter -->
<testsuite hostname="TYSS-Mamatha" failures="0" tests="3" name="practice.Demo" time="13.632" errors="0" timestamp="2023-08-01T11:44:08 IST" skipped="0">
  <testcase classname="practice.Demo" name="demo" time="4.297"/>
  <system-out/>
  <testcase classname="practice.Demo" name="demo" time="5.235"/>
  <system-out/>
  <testcase classname="practice.Demo" name="demo" time="4.100"/>
  <system-out/>
</testsuite> <!-- practice.Demo -->
