<?xml version="1.0" encoding="UTF-8"?>
<!-- Generated by org.testng.reporters.JUnitReportReporter -->
<testsuite hostname="TYSS-Mamatha" failures="0" tests="1" name="pim.DemoData" time="0.007" errors="0" timestamp="2023-08-19T12:32:24 IST" skipped="0">
  <testcase classname="pim.DemoData" name="demo" time="0.007"/>
  <system-out/>
</testsuite> <!-- pim.DemoData -->
