<?xml version="1.0" encoding="UTF-8"?>
<!-- Generated by org.testng.reporters.JUnitReportReporter -->
<testsuite hostname="TYSS-Mamatha" failures="0" tests="1" name="listnerp.TC01" time="8.027" errors="0" timestamp="2023-08-11T11:01:16 IST" skipped="0">
  <testcase classname="listnerp.TC01" name="demo" time="8.027"/>
  <system-out/>
</testsuite> <!-- listnerp.TC01 -->
