<?xml version="1.0" encoding="UTF-8"?>
<!-- Generated by org.testng.reporters.JUnitReportReporter -->
<testsuite hostname="TYSS-Mamatha" failures="0" tests="1" name="pim.Tc_01_Test" time="9.912" errors="0" timestamp="2023-08-22T12:29:06 IST" skipped="0">
  <testcase classname="pim.Tc_01_Test" name="test1" time="9.912"/>
  <system-out/>
</testsuite> <!-- pim.Tc_01_Test -->
