<?xml version="1.0" encoding="UTF-8"?>
<!-- Generated by org.testng.reporters.JUnitReportReporter -->
<testsuite hostname="TYSS-Mamatha" failures="0" tests="1" name="practice.ReadingData" time="4.938" errors="0" timestamp="31 Jul 2023 07:00:55 GMT" skipped="0">
  <testcase classname="practice.ReadingData" name="logintoApp" time="4.938"/>
</testsuite> <!-- practice.ReadingData -->
